<?xml version="1.0" encoding="UTF-8"?>
<coverage generated="1733344178441" clover="3.2.0">
  <project timestamp="1733344178441" name="All files">
    <metrics statements="21" coveredstatements="21" conditionals="6" coveredconditionals="5" methods="10" coveredmethods="10" elements="37" coveredelements="36" complexity="0" loc="21" ncloc="21" packages="1" files="1" classes="1"/>
    <file name="TodoList.jsx" path="C:\Users\hatim\alx-fe-reactjs-6\react-todo\src\TodoList.jsx">
      <metrics statements="21" coveredstatements="21" conditionals="6" coveredconditionals="5" methods="10" coveredmethods="10"/>
      <line num="4" count="1" type="stmt"/>
      <line num="5" count="10" type="stmt"/>
      <line num="10" count="10" type="stmt"/>
      <line num="12" count="10" type="stmt"/>
      <line num="13" count="1" type="cond" truecount="1" falsecount="1"/>
      <line num="15" count="1" type="stmt"/>
      <line num="21" count="1" type="stmt"/>
      <line num="22" count="1" type="stmt"/>
      <line num="25" count="10" type="stmt"/>
      <line num="26" count="2" type="stmt"/>
      <line num="27" count="6" type="cond" truecount="2" falsecount="0"/>
      <line num="29" count="2" type="stmt"/>
      <line num="32" count="10" type="stmt"/>
      <line num="33" count="3" type="stmt"/>
      <line num="34" count="1" type="stmt"/>
      <line num="37" count="10" type="stmt"/>
      <line num="42" count="30" type="stmt"/>
      <line num="44" count="2" type="stmt"/>
      <line num="49" count="1" type="stmt"/>
      <line num="50" count="1" type="stmt"/>
      <line num="60" count="1" type="stmt"/>
    </file>
  </project>
</coverage>
