<?xml version="1.0" encoding="UTF-8"?>
<coverage generated="1733172167830" clover="3.2.0">
  <project timestamp="1733172167831" name="All files">
    <metrics statements="19" coveredstatements="19" conditionals="6" coveredconditionals="5" methods="11" coveredmethods="11" elements="36" coveredelements="35" complexity="0" loc="19" ncloc="19" packages="1" files="2" classes="2"/>
    <file name="TodoItem.jsx" path="C:\Users\hatim\alx-fe-reactjs-6\react-todo\src\components\TodoItem.jsx">
      <metrics statements="3" coveredstatements="3" conditionals="2" coveredconditionals="2" methods="3" coveredmethods="3"/>
      <line num="4" count="24" type="stmt"/>
      <line num="11" count="1" type="stmt"/>
      <line num="15" count="1" type="stmt"/>
    </file>
    <file name="TodoList.jsx" path="C:\Users\hatim\alx-fe-reactjs-6\react-todo\src\components\TodoList.jsx">
      <metrics statements="16" coveredstatements="16" conditionals="4" coveredconditionals="3" methods="8" coveredmethods="8"/>
      <line num="5" count="8" type="stmt"/>
      <line num="10" count="8" type="stmt"/>
      <line num="12" count="8" type="stmt"/>
      <line num="13" count="1" type="stmt"/>
      <line num="14" count="1" type="cond" truecount="1" falsecount="1"/>
      <line num="15" count="1" type="stmt"/>
      <line num="20" count="1" type="stmt"/>
      <line num="21" count="1" type="stmt"/>
      <line num="25" count="8" type="stmt"/>
      <line num="26" count="1" type="stmt"/>
      <line num="27" count="3" type="cond" truecount="2" falsecount="0"/>
      <line num="31" count="8" type="stmt"/>
      <line num="32" count="3" type="stmt"/>
      <line num="35" count="8" type="stmt"/>
      <line num="42" count="1" type="stmt"/>
      <line num="49" count="24" type="stmt"/>
    </file>
  </project>
</coverage>
