{"C:\\Users\\hatim\\alx-fe-reactjs-6\\react-todo\\src\\components\\TodoItem.jsx": {"path":"C:\\Users\\hatim\\alx-fe-reactjs-6\\react-todo\\src\\components\\TodoItem.jsx","statementMap":{"0":{"start":{"line":4,"column":2},"end":{"line":17,"column":4}},"1":{"start":{"line":11,"column":23},"end":{"line":11,"column":48}},"2":{"start":{"line":15,"column":29},"end":{"line":15,"column":46}}},"fnMap":{"0":{"name":"TodoItem","decl":{"start":{"line":3,"column":9},"end":{"line":3,"column":17}},"loc":{"start":{"line":3,"column":56},"end":{"line":18,"column":1}},"line":3},"1":{"name":"(anonymous_1)","decl":{"start":{"line":11,"column":17},"end":{"line":11,"column":18}},"loc":{"start":{"line":11,"column":23},"end":{"line":11,"column":48}},"line":11},"2":{"name":"(anonymous_2)","decl":{"start":{"line":15,"column":23},"end":{"line":15,"column":24}},"loc":{"start":{"line":15,"column":29},"end":{"line":15,"column":46}},"line":15}},"branchMap":{"0":{"loc":{"start":{"line":8,"column":26},"end":{"line":8,"column":66}},"type":"cond-expr","locations":[{"start":{"line":8,"column":43},"end":{"line":8,"column":57}},{"start":{"line":8,"column":60},"end":{"line":8,"column":66}}],"line":8}},"s":{"0":24,"1":1,"2":1},"f":{"0":24,"1":1,"2":1},"b":{"0":[1,23]},"_coverageSchema":"1a1c01bbd47fc00a2c39e90264f33305004495a9","hash":"1d34267b5cb8d03224c2d9c9dfb2f0efcc5bb0b9"}
,"C:\\Users\\hatim\\alx-fe-reactjs-6\\react-todo\\src\\components\\TodoList.jsx": {"path":"C:\\Users\\hatim\\alx-fe-reactjs-6\\react-todo\\src\\components\\TodoList.jsx","statementMap":{"0":{"start":{"line":5,"column":28},"end":{"line":9,"column":4}},"1":{"start":{"line":10,"column":32},"end":{"line":10,"column":44}},"2":{"start":{"line":12,"column":24},"end":{"line":23,"column":3}},"3":{"start":{"line":13,"column":4},"end":{"line":13,"column":23}},"4":{"start":{"line":14,"column":4},"end":{"line":22,"column":5}},"5":{"start":{"line":15,"column":26},"end":{"line":19,"column":7}},"6":{"start":{"line":20,"column":6},"end":{"line":20,"column":40}},"7":{"start":{"line":21,"column":6},"end":{"line":21,"column":21}},"8":{"start":{"line":25,"column":31},"end":{"line":29,"column":3}},"9":{"start":{"line":26,"column":4},"end":{"line":28,"column":7}},"10":{"start":{"line":27,"column":6},"end":{"line":27,"column":69}},"11":{"start":{"line":31,"column":27},"end":{"line":33,"column":3}},"12":{"start":{"line":32,"column":4},"end":{"line":32,"column":51}},"13":{"start":{"line":32,"column":34},"end":{"line":32,"column":48}},"14":{"start":{"line":35,"column":2},"end":{"line":58,"column":4}},"15":{"start":{"line":42,"column":27},"end":{"line":42,"column":53}},"16":{"start":{"line":49,"column":10},"end":{"line":54,"column":12}}},"fnMap":{"0":{"name":"TodoList","decl":{"start":{"line":4,"column":9},"end":{"line":4,"column":17}},"loc":{"start":{"line":4,"column":20},"end":{"line":59,"column":1}},"line":4},"1":{"name":"(anonymous_1)","decl":{"start":{"line":12,"column":24},"end":{"line":12,"column":25}},"loc":{"start":{"line":12,"column":31},"end":{"line":23,"column":3}},"line":12},"2":{"name":"(anonymous_2)","decl":{"start":{"line":25,"column":31},"end":{"line":25,"column":32}},"loc":{"start":{"line":25,"column":39},"end":{"line":29,"column":3}},"line":25},"3":{"name":"(anonymous_3)","decl":{"start":{"line":26,"column":23},"end":{"line":26,"column":24}},"loc":{"start":{"line":27,"column":6},"end":{"line":27,"column":69}},"line":27},"4":{"name":"(anonymous_4)","decl":{"start":{"line":31,"column":27},"end":{"line":31,"column":28}},"loc":{"start":{"line":31,"column":35},"end":{"line":33,"column":3}},"line":31},"5":{"name":"(anonymous_5)","decl":{"start":{"line":32,"column":26},"end":{"line":32,"column":27}},"loc":{"start":{"line":32,"column":34},"end":{"line":32,"column":48}},"line":32},"6":{"name":"(anonymous_6)","decl":{"start":{"line":42,"column":20},"end":{"line":42,"column":21}},"loc":{"start":{"line":42,"column":27},"end":{"line":42,"column":53}},"line":42},"7":{"name":"(anonymous_7)","decl":{"start":{"line":48,"column":19},"end":{"line":48,"column":20}},"loc":{"start":{"line":49,"column":10},"end":{"line":54,"column":12}},"line":49}},"branchMap":{"0":{"loc":{"start":{"line":14,"column":4},"end":{"line":22,"column":5}},"type":"if","locations":[{"start":{"line":14,"column":4},"end":{"line":22,"column":5}},{"start":{},"end":{}}],"line":14},"1":{"loc":{"start":{"line":27,"column":6},"end":{"line":27,"column":69}},"type":"cond-expr","locations":[{"start":{"line":27,"column":23},"end":{"line":27,"column":62}},{"start":{"line":27,"column":65},"end":{"line":27,"column":69}}],"line":27}},"s":{"0":8,"1":8,"2":8,"3":1,"4":1,"5":1,"6":1,"7":1,"8":8,"9":1,"10":3,"11":8,"12":1,"13":3,"14":8,"15":1,"16":24},"f":{"0":8,"1":1,"2":1,"3":3,"4":1,"5":3,"6":1,"7":24},"b":{"0":[1,0],"1":[1,2]},"_coverageSchema":"1a1c01bbd47fc00a2c39e90264f33305004495a9","hash":"bd8538969e9ba29ad9f66ca95813399dd858b195"}
}
