{"C:\\Users\\hatim\\alx-fe-reactjs-6\\react-todo\\src\\TodoList.jsx": {"path":"C:\\Users\\hatim\\alx-fe-reactjs-6\\react-todo\\src\\TodoList.jsx","statementMap":{"0":{"start":{"line":4,"column":17},"end":{"line":66,"column":1}},"1":{"start":{"line":5,"column":28},"end":{"line":9,"column":4}},"2":{"start":{"line":10,"column":32},"end":{"line":10,"column":44}},"3":{"start":{"line":12,"column":18},"end":{"line":23,"column":3}},"4":{"start":{"line":13,"column":4},"end":{"line":13,"column":38}},"5":{"start":{"line":13,"column":31},"end":{"line":13,"column":38}},"6":{"start":{"line":15,"column":23},"end":{"line":19,"column":5}},"7":{"start":{"line":21,"column":4},"end":{"line":21,"column":37}},"8":{"start":{"line":22,"column":4},"end":{"line":22,"column":19}},"9":{"start":{"line":25,"column":21},"end":{"line":30,"column":3}},"10":{"start":{"line":26,"column":25},"end":{"line":28,"column":5}},"11":{"start":{"line":27,"column":6},"end":{"line":27,"column":69}},"12":{"start":{"line":29,"column":4},"end":{"line":29,"column":27}},"13":{"start":{"line":32,"column":21},"end":{"line":35,"column":3}},"14":{"start":{"line":33,"column":26},"end":{"line":33,"column":62}},"15":{"start":{"line":33,"column":47},"end":{"line":33,"column":61}},"16":{"start":{"line":34,"column":4},"end":{"line":34,"column":28}},"17":{"start":{"line":37,"column":2},"end":{"line":65,"column":4}},"18":{"start":{"line":42,"column":10},"end":{"line":54,"column":15}},"19":{"start":{"line":44,"column":27},"end":{"line":44,"column":46}},"20":{"start":{"line":49,"column":14},"end":{"line":49,"column":34}},"21":{"start":{"line":50,"column":14},"end":{"line":50,"column":34}},"22":{"start":{"line":60,"column":25},"end":{"line":60,"column":51}}},"fnMap":{"0":{"name":"(anonymous_0)","decl":{"start":{"line":4,"column":17},"end":{"line":4,"column":18}},"loc":{"start":{"line":4,"column":23},"end":{"line":66,"column":1}},"line":4},"1":{"name":"(anonymous_1)","decl":{"start":{"line":12,"column":18},"end":{"line":12,"column":19}},"loc":{"start":{"line":12,"column":24},"end":{"line":23,"column":3}},"line":12},"2":{"name":"(anonymous_2)","decl":{"start":{"line":25,"column":21},"end":{"line":25,"column":22}},"loc":{"start":{"line":25,"column":29},"end":{"line":30,"column":3}},"line":25},"3":{"name":"(anonymous_3)","decl":{"start":{"line":26,"column":35},"end":{"line":26,"column":36}},"loc":{"start":{"line":27,"column":6},"end":{"line":27,"column":69}},"line":27},"4":{"name":"(anonymous_4)","decl":{"start":{"line":32,"column":21},"end":{"line":32,"column":22}},"loc":{"start":{"line":32,"column":29},"end":{"line":35,"column":3}},"line":32},"5":{"name":"(anonymous_5)","decl":{"start":{"line":33,"column":39},"end":{"line":33,"column":40}},"loc":{"start":{"line":33,"column":47},"end":{"line":33,"column":61}},"line":33},"6":{"name":"(anonymous_6)","decl":{"start":{"line":41,"column":19},"end":{"line":41,"column":20}},"loc":{"start":{"line":42,"column":10},"end":{"line":54,"column":15}},"line":42},"7":{"name":"(anonymous_7)","decl":{"start":{"line":44,"column":21},"end":{"line":44,"column":22}},"loc":{"start":{"line":44,"column":27},"end":{"line":44,"column":46}},"line":44},"8":{"name":"(anonymous_8)","decl":{"start":{"line":48,"column":29},"end":{"line":48,"column":30}},"loc":{"start":{"line":48,"column":36},"end":{"line":51,"column":13}},"line":48},"9":{"name":"(anonymous_9)","decl":{"start":{"line":60,"column":18},"end":{"line":60,"column":19}},"loc":{"start":{"line":60,"column":25},"end":{"line":60,"column":51}},"line":60}},"branchMap":{"0":{"loc":{"start":{"line":13,"column":4},"end":{"line":13,"column":38}},"type":"if","locations":[{"start":{"line":13,"column":4},"end":{"line":13,"column":38}},{"start":{},"end":{}}],"line":13},"1":{"loc":{"start":{"line":27,"column":6},"end":{"line":27,"column":69}},"type":"cond-expr","locations":[{"start":{"line":27,"column":23},"end":{"line":27,"column":62}},{"start":{"line":27,"column":65},"end":{"line":27,"column":69}}],"line":27},"2":{"loc":{"start":{"line":45,"column":37},"end":{"line":45,"column":77}},"type":"cond-expr","locations":[{"start":{"line":45,"column":54},"end":{"line":45,"column":68}},{"start":{"line":45,"column":71},"end":{"line":45,"column":77}}],"line":45}},"s":{"0":1,"1":10,"2":10,"3":10,"4":1,"5":0,"6":1,"7":1,"8":1,"9":10,"10":2,"11":6,"12":2,"13":10,"14":1,"15":3,"16":1,"17":10,"18":30,"19":2,"20":1,"21":1,"22":1},"f":{"0":10,"1":1,"2":2,"3":6,"4":1,"5":3,"6":30,"7":2,"8":1,"9":1},"b":{"0":[0,1],"1":[2,4],"2":[1,29]},"_coverageSchema":"1a1c01bbd47fc00a2c39e90264f33305004495a9","hash":"08882ad66f08b10bbb1cc2b3a2adf9df53eab9c9"}
}
