TN:
SF:src\components\TodoItem.jsx
FN:3,TodoItem
FN:11,(anonymous_1)
FN:15,(anonymous_2)
FNF:3
FNH:3
FNDA:24,TodoItem
FNDA:1,(anonymous_1)
FNDA:1,(anonymous_2)
DA:4,24
DA:11,1
DA:15,1
LF:3
LH:3
BRDA:8,0,0,1
BRDA:8,0,1,23
BRF:2
BRH:2
end_of_record
TN:
SF:src\components\TodoList.jsx
FN:4,TodoList
FN:12,(anonymous_1)
FN:25,(anonymous_2)
FN:26,(anonymous_3)
FN:31,(anonymous_4)
FN:32,(anonymous_5)
FN:42,(anonymous_6)
FN:48,(anonymous_7)
FNF:8
FNH:8
FNDA:8,TodoList
FNDA:1,(anonymous_1)
FNDA:1,(anonymous_2)
FNDA:3,(anonymous_3)
FNDA:1,(anonymous_4)
FNDA:3,(anonymous_5)
FNDA:1,(anonymous_6)
FNDA:24,(anonymous_7)
DA:5,8
DA:10,8
DA:12,8
DA:13,1
DA:14,1
DA:15,1
DA:20,1
DA:21,1
DA:25,8
DA:26,1
DA:27,3
DA:31,8
DA:32,3
DA:35,8
DA:42,1
DA:49,24
LF:16
LH:16
BRDA:14,0,0,1
BRDA:14,0,1,0
BRDA:27,1,0,1
BRDA:27,1,1,2
BRF:4
BRH:3
end_of_record
