TN:
SF:src\TodoList.js
FN:4,(anonymous_0)
FN:12,(anonymous_1)
FN:25,(anonymous_2)
FN:26,(anonymous_3)
FN:32,(anonymous_4)
FN:33,(anonymous_5)
FN:41,(anonymous_6)
FN:44,(anonymous_7)
FN:48,(anonymous_8)
FN:60,(anonymous_9)
FNF:10
FNH:10
FNDA:10,(anonymous_0)
FNDA:1,(anonymous_1)
FNDA:2,(anonymous_2)
FNDA:6,(anonymous_3)
FNDA:1,(anonymous_4)
FNDA:3,(anonymous_5)
FNDA:30,(anonymous_6)
FNDA:2,(anonymous_7)
FNDA:1,(anonymous_8)
FNDA:1,(anonymous_9)
DA:4,1
DA:5,10
DA:10,10
DA:12,10
DA:13,1
DA:15,1
DA:21,1
DA:22,1
DA:25,10
DA:26,2
DA:27,6
DA:29,2
DA:32,10
DA:33,3
DA:34,1
DA:37,10
DA:42,30
DA:44,2
DA:49,1
DA:50,1
DA:60,1
LF:21
LH:21
BRDA:13,0,0,0
BRDA:13,0,1,1
BRDA:27,1,0,2
BRDA:27,1,1,4
BRDA:45,2,0,1
BRDA:45,2,1,29
BRF:6
BRH:5
end_of_record
